<?xml version="1.0" encoding="UTF-8"?>
<testng-results ignored="0" total="2" passed="2" failed="0" skipped="0">
  <reporter-output>
  </reporter-output>
  <suite started-at="2024-12-07T12:06:39 IST" name="Suite" finished-at="2024-12-07T12:07:55 IST" duration-ms="75568">
    <groups>
    </groups>
    <test started-at="2024-12-07T12:06:39 IST" name="Test" finished-at="2024-12-07T12:07:55 IST" duration-ms="75568">
      <class name="testRunner.RegisterToBooKStoreTest">
        <test-method is-config="true" signature="SetUp()[pri:0, instance:testRunner.RegisterToBooKStoreTest@58695725]" started-at="2024-12-07T12:07:22 IST" name="SetUp" finished-at="2024-12-07T12:07:35 IST" duration-ms="12788" status="PASS">
          <reporter-output>
          </reporter-output>
        </test-method> <!-- SetUp -->
        <test-method signature="RegistertoBookStore()[pri:0, instance:testRunner.RegisterToBooKStoreTest@58695725]" started-at="2024-12-07T12:07:39 IST" name="RegistertoBookStore" finished-at="2024-12-07T12:07:49 IST" duration-ms="10095" status="PASS">
          <reporter-output>
          </reporter-output>
        </test-method> <!-- RegistertoBookStore -->
        <test-method is-config="true" signature="closeApp()[pri:0, instance:testRunner.RegisterToBooKStoreTest@58695725]" started-at="2024-12-07T12:07:52 IST" name="closeApp" finished-at="2024-12-07T12:07:55 IST" duration-ms="2841" status="PASS">
          <reporter-output>
          </reporter-output>
        </test-method> <!-- closeApp -->
      </class> <!-- testRunner.RegisterToBooKStoreTest -->
      <class name="testRunner.PersonalDetailsTest">
        <test-method is-config="true" signature="SetUp()[pri:0, instance:testRunner.PersonalDetailsTest@7e7be63f]" started-at="2024-12-07T12:06:39 IST" name="SetUp" finished-at="2024-12-07T12:07:22 IST" duration-ms="42891" status="PASS">
          <reporter-output>
          </reporter-output>
        </test-method> <!-- SetUp -->
        <test-method signature="verifyPerSonalDetails()[pri:0, instance:testRunner.PersonalDetailsTest@7e7be63f]" started-at="2024-12-07T12:07:35 IST" name="verifyPerSonalDetails" finished-at="2024-12-07T12:07:39 IST" duration-ms="4070" status="PASS">
          <reporter-output>
          </reporter-output>
        </test-method> <!-- verifyPerSonalDetails -->
        <test-method is-config="true" signature="closeApp()[pri:0, instance:testRunner.PersonalDetailsTest@7e7be63f]" started-at="2024-12-07T12:07:49 IST" name="closeApp" finished-at="2024-12-07T12:07:52 IST" duration-ms="2839" status="PASS">
          <reporter-output>
          </reporter-output>
        </test-method> <!-- closeApp -->
      </class> <!-- testRunner.PersonalDetailsTest -->
    </test> <!-- Test -->
  </suite> <!-- Suite -->
</testng-results>
